1
2
3
4
5
6
8
7
9
11
13
14
15
10
12
18
20
21
22
23
24
25
26
27
28
29
16
30
31
19
33
35
34
17
36
37
41
43
44
45
46
47
39
40
50
52
32
54
56
57
58
59
60
61
62
63
64
53
55
42
65
51
68
70
73
74
75
38
71
66
77
78
67
69
76
82
72
49
79
80
87
89
91
93
94
92
95
97
99
86
101
102
81
104
106
109
84
112
85
100
103
116
88
118
107
90
110
125
83
129
113
131
132
133
117
119
105
120
121
122
123
143
108
145
146
128
111
130
48
98
115
134
151
136
137
153
96
158
160
161
162
163
164
165
167
168
169
170
171
172
173
174
175
176
177
178
179
180
181
182
159
142
186
187
188
189
190
191
192
193
127
126
195
196
147
166
199
200
201
202
203
204
154
149
150
207
208
152
211
157
156
139
183
214
184
216
185
194
220
221
114
205
218
223
124
209
210
231
232
233
234
235
236
237
155
239
241
242
215
141
243
217
219
247
148
206
249
198
251
254
229
228
256
144
238
260
240
212
255
213
244
266
267
268
269
257
271
264
262
274
275
278
280
281
277
140
283
222
252
253
226
285
224
289
290
291
230
258
259
138
294
295
296
298
270
301
303
265
273
299
307
308
309
310
272
305
313
314
312
306
317
315
319
320
318
321
316
325
326
327
328
246
330
248
332
333
334
335
337
323
336
339
340
342
343
344
345
346
347
348
349
350
351
352
353
354
355
356
357
358
359
360
361
362
363
364
365
338
366
367
368
369
370
371
287
311
373
374
376
135
324
377
379
378
380
382
383
384
263
381
388
245
304
390
387
391
394
393
392
396
395
398
400
397
282
402
399
403
331
406
408
409
372
407
412
404
413
415
292
411
418
417
414
422
300
424
425
426
288
389
386
261
430
329
432
433
434
421
435
284
438
439
436
441
442
443
444
446
440
445
341
420
448
450
423
452
453
449
455
456
457
458
459
460
461
462
463
447
401
437
469
470
471
472
227
474
475
476
477
297
479
480
481
482
483
464
428
429
431
279
419
197
491
493
494
492
487
484
286
496
497
499
502
503
504
505
293
508
385
510
511
512
513
514
465
488
516
517
518
466
520
519
468
522
495
410
473
525
526
528
529
530
531
509
533
535
536
537
538
486
454
527
542
541
543
534
467
500
547
521
523
550
551
498
501
554
555
556
557
558
322
532
561
302
565
427
567
568
569
570
571
572
574
575
576
577
578
579
580
581
582
583
584
585
586
587
588
589
590
591
592
563
507
451
596
562
598
599
600
506
602
603
604
605
606
607
608
609
610
611
612
613
614
615
616
617
618
594
620
621
622
623
566
573
625
626
628
627
544
552
629
634
635
636
637
549
524
640
416
276
643
619
645
595
559
648
597
650
485
539
653
654
655
656
657
658
659
660
661
662
663
638
639
375
641
642
478
644
646
647
624
674
651
652
540
515
489
490
681
682
683
546
685
687
686
688
689
690
691
665
666
667
668
697
670
671
699
673
649
631
632
702
703
601
704
680
225
708
709
684
711
548
664
714
593
715
694
696
669
695
630
564
700
712
701
675
727
726
678
731
729
553
706
733
705
736
737
738
739
722
741
742
743
405
745
746
747
748
749
693
744
752
728
751
754
756
757
755
725
760
762
676
758
764
763
766
765
753
767
250
770
772
773
774
740
768
778
779
713
776
692
750
783
785
786
781
719
787
789
790
672
795
796
797
759
799
800
802
803
804
805
730
807
808
809
810
734
769
545
707
775
710
817
818
820
821
822
819
784
824
823
825
723
798
724
829
677
831
777
832
793
833
732
836
811
839
788
813
837
842
843
792
845
735
846
848
847
849
852
850
853
718
855
840
720
861
862
633
826
827
828
761
868
869
870
871
872
873
874
875
841
877
878
879
816
881
882
883
884
771
717
887
721
851
716
891
864
893
894
895
896
897
898
899
900
835
812
904
814
815
880
780
909
910
911
912
913
914
915
916
917
892
857
920
921
922
923
924
806
926
801
834
928
929
930
838
931
905
844
934
935
936
908
782
885
940
942
888
943
944
945
918
947
948
866
951
950
858
679
919
794
901
959
960
961
962
963
907
965
937
967
968
969
970
971
972
973
974
975
976
863
978
979
980
981
867
983
984
985
986
860
988
989
990
991
992
993
994
995
996
997
998
999
1000
1001
1002
889
1004
1005
1006
1007
1008
1009
865
1011
949
1013
1014
1015
1016
1017
1018
1019
1020
903
1022
1023
1024
1025
1026
1027
1028
1029
966
939
1032
1033
1034
1035
791
890
977
1038
1039
1012
1041
1042
1043
954
1044
1045
1046
1047
859
1048
1050
927
1051
1053
955
886
854
1055
1056
1057
1037
1060
1058
1062
1063
1061
1065
1066
902
1068
1069
1070
1064
1072
1074
906
1076
1075
1071
1031
938
1081
1078
1067
1003
1083
957
1084
1085
953
1010
1087
982
1089
1091
1092
1094
1088
1021
1093
1098
1099
1100
1101
1077
1102
1079
1104
1105
856
1108
1107
1097
1052
1110
1111
1113
1112
1116
1115
1117
1120
1119
1122
1123
1114
1125
1126
1124
1129
1130
1128
1121
1134
1135
1133
941
1137
1138
1140
1131
1118
1142
1143
1144
1145
1146
1095
1049
1149
1132
1150
1152
964
1030
1155
1156
1153
1127
1147
1159
1036
1059
946
1148
1157
560
932
1170
1172
1173
1174
987
958
1177
1178
1179
1180
1181
1182
1183
1184
1185
1054
698
1188
1189
1190
1191
1192
1193
1194
1195
1196
1197
1198
1199
1200
1175
1176
1203
1204
1205
1206
1073
1166
1208
1209
1210
1211
1186
1213
1214
1215
1216
1217
1218
1219
1220
1167
1221
1222
1223
1201
1225
1168
1227
1228
1226
1169
1229
1230
1231
1232
1233
1234
1235
1236
1237
1163
1238
1158
1242
1241
1243
1164
1244
1245
1246
1082
1248
1249
1250
1251
1252
1253
1165
1240
1257
1256
1171
1247
1261
1255
1262
1263
1264
1265
1254
1266
1267
1202
1268
1271
1259
1272
1274
1275
1276
1277
1278
1279
1280
1273
1281
1260
1282
1283
1284
1286
1287
830
1290
1270
1291
1293
1289
1294
1269
1296
1096
1298
1292
1301
1299
1303
1300
1302
1305
1306
1304
1309
1308
1311
1162
1313
1314
1090
1316
1317
1315
1310
1318
1319
1322
1325
1324
1321
1288
1136
1080
1106
1212
1258
1330
1331
1332
1334
1335
1040
1337
1307
1340
925
1342
1224
1333
1344
1345
1343
1326
1347
1349
1350
1351
1348
1353
1354
1356
1358
1357
1355
1361
1346
1362
1352
1363
1364
1366
1161
1368
1297
1359
1370
1372
1373
1336
1103
1375
1374
1378
1376
1377
1379
1380
1369
1382
1383
1239
1327
1388
1389
1390
1392
1295
1381
1393
1394
1396
1387
1395
1365
1154
1400
1401
1403
1328
1385
1329
1187
1109
1404
1410
1408
1086
1412
1386
1413
1415
1414
1409
1420
1367
1421
1418
1425
1426
1427
1428
1424
1429
1411
1430
1431
1432
1433
1391
1435
1436
1437
1438
1439
1423
1441
1442
1440
1444
1445
1446
1417
1443
1399
1456
1457
1458
1459
1460
1461
1462
1450
1464
1465
1466
1463
1467
1468
1469
1470
1398
1320
1472
1473
1474
1475
1449
1478
1479
1434
1480
1422
1481
1448
1482
1484
1485
1483
1487
1486
1488
1489
1451
1491
1471
1490
1493
1495
1447
1497
1498
1496
1500
1501
1502
1503
1476
1505
1506
1507
1338
1499
1509
1504
1510
1512
1511
1514
1513
1517
1518
1516
1207
1522
1151
1452
1371
1139
1525
1526
1407
1508
1528
1530
1531
1529
1405
1533
1477
1534
1341
1539
1538
1536
1540
1542
1543
1541
1546
1537
1547
1545
1548
1549
1551
1550
1554
1553
1552
1556
1555
1559
1557
1563
1558
1323
1561
1566
1565
1492
1567
1570
1572
1571
1575
1574
1562
1576
1578
1560
1544
1580
1573
1582
1583
1419
1585
1584
1587
1581
1589
1590
1592
1591
1593
1594
1579
1595
1520
1597
1598
1397
1600
1601
1603
1604
1602
1606
1599
1605
1608
1607
1611
1416
1614
1612
1613
1535
1588
1617
1616
1384
1620
1568
1624
1618
1625
1521
1627
1596
1629
1623
1631
1621
1524
1630
1633
1406
1634
1638
1628
1639
1640
1641
1312
1643
1609
1648
1649
1650
1651
1636
1564
1654
1619
1622
1644
1656
1655
1659
1660
1661
1494
1646
1657
1658
1663
1402
1635
1666
1610
1670
1668
1642
1671
1673
1675
1674
1676
1645
1677
1678
1653
1683
1682
1684
1681
1680
1685
1688
1687
1690
1691
1664
1662
1696
1686
1669
1697
1698
1699
1700
1672
1703
1704
1705
1702
1706
1692
1693
1709
1708
1710
1713
1712
1519
1716
1715
1701
1718
1719
1720
1717
1711
1721
1707
1723
1647
1726
1727
1728
1729
1724
1731
1733
1732
1730
1736
1735
1734
1739
1714
1722
1632
1689
1695
1743
1744
1745
1746
1748
1749
1747
1751
1750
1754
1752
1753
1757
1758
1759
1760
1761
1762
1586
1764
1765
1755
1767
1527
1769
1768
1770
1771
1742
1577
1776
1777
1778
1779
1780
1781
1782
1783
1784
1785
1786
1787
1788
1789
956
1792
1793
1794
1795
1796
1797
1798
1800
1801
1802
1803
1804
1806
1805
1737
1808
1775
1809
1790
1811
1813
1814
1815
1816
1817
1818
1819
1772
1774
1821
1822
1823
1820
1824
1453
1825
1826
1773
1829
1828
1830
1831
1832
1833
1834
1835
1836
1827
1812
1763
1839
1837
1810
1842
1843
1841
1844
1846
1847
1848
1849
1850
1851
1791
1853
1741
1854
1856
1855
1858
1857
1840
1845
1756
1852
1860
1863
1862
1866
1865
1868
1861
1869
1870
1871
1807
1872
1873
1875
1874
1877
1878
1879
1876
1880
1881
1884
1885
1883
1886
1888
1889
1887
1864
1891
1892
1893
1894
1890
1896
1859
1899
1900
1901
1455
1902
1905
1903
1838
1907
1897
1908
1895
1898
1882
1906
1667
1454
1569
1909
1910
1911
1912
1913
1914
1915
1916
1917
1918
1920
1921
1922
1923
1936
1937
1938
1939
1940
1941
1942
1867
1919
1945
1946
1943
1947
1948
1679
1925
1929
1951
1952
1950
1626
1955
1953
1928
1956
1957
1665
1959
1961
1962
1963
1960
1964
1967
1966
1968
1970
1971
1972
1965
1924
1969
1976
1977
1974
1979
1980
1975
1926
1982
1981
1983
1985
1740
1984
1987
1988
1990
1160
1141
1944
1993
1725
1996
1997
1931
1998
1973
2000
2003
2001
2002
2004
1523
2005
1992
2007
2008
1934
2009
2012
2010
2013
2016
2017
2019
1933
2006
1978
2025
2026
2027
2028
2015
2011
2030
2024
1935
2034
1989
2020
2036
2037
2023
2041
2042
2043
2044
2045
2046
2031
2047
2048
2049
2050
2051
2033
2055
2056
2057
2058
2059
1930
2060
2061
2062
2035
2063
2064
2065
1991
2067
1532
1995
1339
2072
2021
2075
1999
1637
2069
2077
2078
2079
1932
2083
1515
1738
2087
2088
2089
1904
2091
2092
2066
2094
2095
2052
1766
2098
2099
2018
2100
2074
2102
1652
2080
2081
2104
2105
2039
2107
2108
2110
2082
2109
2112
1360
2114
2115
2070
2116
2120
2121
2122
2123
2124
2125
2126
2127
2128
2129
2022
2118
2113
2130
2131
876
2134
2135
2014
2073
2137
1949
2138
2085
2140
2086
1799
2106
2143
2032
2111
2148
2149
2119
2151
2152
2153
2150
2155
2156
2154
2158
2054
2132
2147
2164
2038
2165
2053
2141
2157
1958
2090
2029
2040
2093
2133
2136
2144
2145
2096
2146
2162
2167
1994
2169
2172
2174
2171
2161
2177
2178
2179
2181
2184
2185
2176
2180
2159
2183
2188
2097
2190
2189
2186
2193
2194
2191
2196
2197
2198
2200
2201
2202
2204
2199
2206
2207
2205
2203
2195
2210
2208
2212
2213
2175
2209
2217
2215
2219
2211
2216
2220
2221
2222
2224
2225
2223
2227
2228
2226
2230
2214
2231
2233
2232
2235
2236
2238
2239
2240
2241
2237
2187
2245
2244
2243
2251
2252
2253
2254
2256
2257
2258
2259
2260
2255
2261
2229
2264
2262
2234
2084
2267
2268
2270
2269
2272
2273
2249
2192
2170
2278
2280
2281
2282
2283
1615
2250
2285
2294
2295
2296
2297
2298
2299
2300
2301
2302
2166
2304
2305
2306
1986
2308
2247
2310
2218
2142
2313
2314
2315
2316
2317
2318
2319
2320
2321
2322
2323
2324
2325
2248
2326
2327
2328
2329
2330
2331
2332
2333
2334
2335
2337
2338
2339
2340
2341
2342
2343
2344
2345
2346
2347
2348
2349
2350
2277
2351
2352
2353
2354
2355
2356
2357
2358
2242
2276
2279
2362
2363
1285
2365
2366
2263
2289
2367
2368
2369
2371
2373
2374
2375
2376
2377
2307
2379
2160
2182
1927
2312
2271
2386
2387
2388
2389
2390
2391
2392
2393
2394
2395
2396
2397
2398
2399
2400
2401
2402
2403
2404
2405
2406
2407
2408
2409
2410
2411
2412
2413
2414
2415
2416
2417
2418
2419
2420
2421
2422
2423
2424
2425
2426
2427
2428
2429
2430
2431
2432
2433
2434
2435
2436
2437
2438
2439
2440
2441
2442
2443
2444
2445
2446
2447
2448
2449
2450
2451
2452
2453
2454
2455
2456
2457
2458
2459
2460
2461
2462
2463
2464
2465
2466
2467
2468
2469
2470
2471
2472
2473
2474
2475
2476
2477
2478
2479
2480
2382
2482
2483
2484
2485
2486
2487
2488
2489
2490
2491
2492
2493
2494
2495
2496
2497
2498
2499
2139
2501
2502
2503
2504
2481
2506
2507
2508
2509
2510
2511
2512
2513
2514
2515
2516
2517
2518
2519
2520
2521
2522
2523
2524
2500
2526
2527
2528
2529
2530
2531
2532
2533
2534
2535
2536
2537
2538
2539
2540
2284
2542
2543
2544
2101
2546
2547
2548
2549
2550
2551
2552
2553
2554
2381
2556
2557
2385
2559
2560
2071
2562
2563
2564
2565
952
2567
2568
2569
2570
2571
2572
2573
2574
2575
2576
2577
2578
2579
2580
2581
2582
2583
2584
2117
2586
2587
2588
2589
2590
2566
2592
2593
2594
2595
2596
2597
2598
2303
2600
2601
2378
2603
2604
2555
2606
2607
2608
2609
2610
2611
2612
2613
2614
2615
2616
2617
2618
2619
2620
2621
2622
2623
2624
2625
2626
2627
2628
2629
2630
2631
2632
2633
2634
2635
2636
2637
2591
2639
2640
2641
2642
2643
2644
1954
2646
2647
2648
2649
2380
2651
2652
2653
2654
2558
2068
2585
2658
2364
2660
2661
2638
2663
2664
2665
2666
2667
2668
2669
2670
2671
2672
2673
2674
2675
2676
2384
2678
2679
2680
2681
2682
2683
2684
2685
2168
2076
2545
2689
2163
2691
2692
2693
2694
2695
2696
2697
2698
2699
2700
2701
2702
2703
2704
2705
2706
2707
2677
2709
2710
2711
2712
2713
2714
2715
2716
2717
2718
2719
2720
2690
2722
2723
2724
2725
2726
2727
2650
2605
2505
2731
2732
2733
2734
2561
2736
2737
2738
2739
2740
2686
2687
2743
2744
2745
2746
2721
2748
2749
2750
2751
2752
2753
2754
2755
2756
2757
2758
2759
2760
2761
2762
2763
2764
2765
2741
2767
2768
2103
2747
933
2645
2773
2774
2775
2776
2777
2778
2779
2780
2781
2782
2783
2784
2735
2786
2787
2788
2789
2790
2791
2792
2793
2794
2795
2796
2797
2798
2799
2800
2801
2728
2803
2804
2805
2806
2807
2657
2809
2810
2811
2812
2813
2814
2815
2816
2817
2818
2819
2820
2821
2822
2823
2824
2173
2826
2827
2828
2829
2830
2831
2832
2833
2834
2785
2659
2837
2838
2662
2840
2841
2842
2843
2844
2845
2846
2847
2772
2599
2850
2851
2852
2853
2854
2730
2856
2857
2858
2808
2835
2836
2862
2863
2864
2865
2866
2867
2868
2869
2688
2871
2872
2770
2874
2771
2876
2877
2878
2879
2880
2881
2882
2883
2884
2885
2886
2887
2888
2889
2802
2891
2855
2893
2894
2895
2896
2897
2898
2899
2900
2839
2902
2903
2904
2905
2906
2907
2848
2849
2910
2825
2912
2913
2914
2915
2916
2917
2918
2919
2291
2860
2922
2923
2924
2925
2926
2927
2928
2929
2930
2931
2292
2933
2934
2935
2936
2937
2938
2939
2940
2941
2942
2943
2944
2945
2946
2947
2948
2901
2950
2951
2952
2953
2954
2955
2956
2957
2958
2959
2960
2602
2962
2963
2964
2965
2966
2967
2968
2969
2970
2971
2972
2973
2974
2975
2976
2977
2978
2979
2980
2981
2525
2983
2984
2985
2986
2987
2892
2989
2708
2655
2656
2993
2994
2995
1694
2541
2949
2766
3000
3001
3002
3003
3004
3005
3006
2982
3008
2961
3010
3011
3012
3013
3014
3015
3016
3017
3018
3019
3020
3021
3022
3023
3024
3025
3026
3027
3028
3029
3030
3031
3032
3009
3034
3035
3036
3037
3038
3039
2859
3041
3042
3043
2996
2997
3046
3047
3048
3049
3050
3051
3052
3053
3054
3055
3056
3057
3058
3059
3060
2988
3062
3063
3065
3066
3067
3068
3064
3069
3070
3071
3072
3073
3074
2999
2742
3077
3079
3080
3081
3082
3083
3084
3085
3086
3033
3088
3090
3091
3092
3093
2992
3095
2266
3096
3044
3045
3099
3100
3076
3102
3103
3104
3105
3106
3107
3108
3109
3110
3112
3113
2274
3115
2990
2370
3117
3094
3118
3119
3120
3121
3097
3123
2383
2920
3127
2870
3129
3130
3131
3132
2909
3007
2911
3136
3137
3138
3139
3140
3141
2991
3143
3144
3145
3146
2861
3122
3098
3150
3151
3152
3153
3154
3155
3156
3157
3158
3133
3160
3161
3162
3163
3164
3165
3166
2293
3168
3169
3170
3171
3172
3173
3174
3175
3176
3177
3178
3179
3180
3181
3182
3183
3184
3185
3134
3187
3188
3189
3190
3192
3193
3194
3195
2372
3197
3040
3199
3200
3201
3202
3203
3204
3205
3206
3207
3208
3209
3210
3211
3212
3213
3214
3159
3216
3217
3218
3219
3220
3221
3222
3223
3078
3224
3225
3226
3227
3228
3230
3229
2288
3232
3233
3234
3235
3236
3237
3238
2359
3240
2729
3243
3244
3245
3246
3247
3196
3249
3250
3251
3252
3253
3254
3255
3256
3257
3258
3259
3260
3089
3261
3262
3263
3264
3265
3266
3111
3267
3124
3268
3269
3270
3271
3272
3273
3274
3275
3276
3277
3278
3280
3279
3281
3282
3125
3286
3287
3288
3289
3215
3291
3292
3293
2890
3295
3296
3116
3298
3299
3300
3301
3302
3303
3304
3305
3306
3307
3308
3309
3310
3311
3312
3313
3314
3315
3186
3135
3318
3319
3320
3321
3322
3323
3324
3325
3326
3327
3328
3329
3330
3198
3332
3333
3334
3335
3149
3337
3075
3339
3340
3342
3343
3344
3345
3346
2875
3348
3349
3350
3351
3317
3087
3294
3355
3356
3357
3358
3248
3360
3361
3362
3114
3191
3364
3365
3366
3367
3368
3369
3370
2908
3373
3374
3372
3375
2360
2246
2309
3377
3378
3239
3231
3381
3241
3147
3384
3385
3383
3283
3386
3338
3388
3390
3392
3393
3394
3371
3396
3395
3397
3398
3400
2932
3126
3401
3403
3402
3405
3404
3408
3409
3410
3411
3412
3376
3406
3407
3101
3414
3415
3416
3417
3419
3418
3421
3422
3420
3423
3353
3354
3242
3426
3425
3430
3431
3428
3331
3382
3429
3437
3436
3438
3441
3442
3439
3380
3413
3447
3448
3449
3450
3451
3452
3443
3453
3454
3352
3424
3457
3458
3459
3460
3461
3444
3389
3462
3445
3463
3464
3435
3465
3467
3470
2336
3466
3473
3471
2275
3472
3475
3432
3476
3477
3479
3478
3480
3481
3485
3483
3484
3482
3486
2921
3489
3490
3469
3399
3495
3496
3497
3363
3488
3492
3468
3128
3501
3503
3504
3499
3505
3510
3511
3455
3456
3391
3427
3061
3516
3517
3518
3519
3500
3502
3507
3379
3522
3526
3440
3528
3285
3531
3532
2286
3534
3290
3316
3491
3512
3539
3540
3541
3542
2265
3359
3544
3545
3546
3547
3548
3549
3550
3551
3552
3554
3521
3555
3553
3557
3474
2769
3560
3561
3562
3563
3508
3525
3564
3565
3566
3494
3568
3569
3570
3567
3573
3571
3574
3575
3576
3578
3579
3577
3580
2873
3581
3584
3585
3536
3587
3583
3588
3590
3591
3514
3515
3589
3592
3593
3595
3594
3596
3597
3600
3599
3601
3602
3603
3607
3608
3530
3610
3611
3609
3613
3614
3615
3538
3617
3618
3616
3524
3619
3621
3622
3623
3605
3434
3624
3627
3625
3628
3606
3629
3604
3630
3632
3631
3633
3640
3641
3642
3582
3644
3645
3646
3647
3648
3649
3650
3651
3652
3653
3654
3612
3656
3657
3658
3659
3660
3661
3662
3663
3664
3665
3666
3667
3668
3669
3670
3671
3672
3673
3674
3675
2998
3677
3678
3679
3387
3681
3682
3683
3684
3685
3533
3687
3688
3689
3690
3691
3692
3693
3694
3695
3696
3697
3698
3699
3700
3701
3702
3513
3558
3705
3706
3707
3708
3709
3710
3637
3711
3712
3713
3714
3620
3717
3716
3626
2311
3720
3721
3722
3723
3724
3725
3726
3529
3728
3729
3730
3731
3732
3734
3680
3736
3737
3738
3739
3740
3741
3742
3743
3744
3745
3746
3747
3748
3749
3703
3751
3636
3297
3142
3715
3755
3756
3757
3572
3506
3487
3761
3762
3760
3341
3763
3765
3768
3769
3770
3771
3772
3773
3774
3775
3776
3777
3778
3779
3780
3781
3782
3783
3784
3785
3786
3787
3788
3789
3790
3791
3792
3793
3794
3795
3796
3797
3798
3799
3800
3801
3802
3803
3804
3805
3806
3807
3808
3809
3810
3811
3812
3813
3814
3815
3816
3817
3818
3819
3820
3821
3822
3823
3824
3825
3826
3827
3828
3829
3830
3831
3832
3833
3834
3835
3676
3527
3498
3839
3840
3841
3842
3347
3686
3845
3586
3537
3848
3849
3850
3851
3753
3853
3854
3855
3856
3857
3759
3859
3836
3861
3862
3863
3864
3643
3866
3867
3868
3869
3870
3871
3872
3873
3874
3875
3876
3877
3433
3879
3880
3148
3858
3336
3884
3885
3886
3887
3888
3889
3890
3891
3892
3893
3894
3895
3896
3897
3898
3899
3900
3901
3902
3903
3904
3905
3906
3907
3908
3909
3910
3911
3912
3913
3914
3915
3916
3917
3918
3919
3920
3921
3922
3923
3924
3925
2287
3927
3928
3883
3930
3931
3932
3933
3934
3935
3936
3937
3938
3939
3940
3844
3942
3943
3846
3847
3946
3947
3948
3949
3950
3951
3493
3953
3926
3955
3956
3957
3958
3959
3960
3961
3962
3963
3964
3965
3966
3967
3968
3969
3970
3971
3752
3852
3754
3975
3976
3977
3881
3882
3929
3981
3982
3983
3984
3985
3986
3987
3988
3843
3941
3535
3992
3993
3994
3995
3996
3972
3998
3999
4000
4001
4002
4003
4004
4005
3860
4007
4008
3838
4010
4011
4012
4013
3989
4015
4016
4017
4018
4019
4020
4021
4022
4023
4024
4025
4026
4027
4028
4029
4030
4031
4032
4033
4034
4035
4036
4037
4038
4039
4040
4041
4042
4043
4044
4045
4046
4047
4048
4049
4050
4051
4052
4053
4054
4055
4056
4057
4058
4059
4060
4061
4062
4063
4064
4065
4066
4067
4068
4069
4070
4071
4072
4073
4074
4075
4076
4077
4078
4079
4080
4081
4082
4083
4084
4085
4086
4087
4088
4089
4090
4091
4092
4093
4094
4095
4096
4097
4098
4099
4100
4101
4102
4103
4104
4105
4106
4107
4108
4109
3509
3523
4111
4112
4113
4114
4115
4116
4117
4118
4119
4120
4121
4122
4123
4124
4125
4126
4127
4128
4129
4130
4131
4132
4133
4134
4135
4136
4137
4138
4139
4140
4141
3635
4142
4143
4144
4145
4146
4147
4148
4149
4150
4151
4152
4153
4154
4155
3704
4156
3719
4157
4158
3718
4159
4161
4162
3598
4160
4164
4165
4167
4166
4168
4169
4171
4170
4172
4173
4174
4175
4177
4179
4180
4181
3733
4183
4184
4185
4186
4187
4188
4189
4190
4191
4192
4194
3520
4196
4193
4197
4198
3764
4199
4178
4200
4202
4203
4205
4201
4204
4206
4207
4211
4209
4210
4213
4214
4212
4216
4217
4218
4219
4220
4195
4215
4223
4224
4222
4226
4227
4228
3727
4208
4176
4231
4232
4233
4234
4236
4237
4235
4239
4240
4241
4242
4238
4244
4246
4247
4248
4249
4250
4251
4252
4253
4254
3758
4255
4256
4225
4257
4258
4260
4263
4264
4262
4266
4267
4265
4269
4270
4271
4268
4259
4261
4274
4275
4276
4277
4272
4273
4279
4278
4229
4280
4281
4284
4282
4286
4287
4288
4285
4290
4291
4289
4293
4292
4294
4296
4298
4283
4297
4300
4299
4295
4304
4303
4301
4305
4306
4308
4309
4310
4311
4243
4307
4313
4318
4319
4320
4321
4322
4323
4324
4325
4312
4326
4327
4328
4329
4330
4315
4332
4331
4333
4334
4335
4336
4337
4317
4338
4340
4339
4221
4342
4343
4344
4345
4346
4347
4349
4350
4348
4351
4354
4353
4355
4356
4357
4352
4358
4359
4361
4362
4363
4360
4365
4367
4366
4369
4368
4371
4370
4372
4373
4374
4375
4376
4377
4379
4364
4380
4381
4382
4384
4385
4378
4386
4387
4388
4389
4182
4230
3556
4392
4393
4394
4395
4396
4398
4399
4400
4401
4402
4403
4404
4397
4405
4406
4407
4410
4411
4412
4409
4413
4414
3634
4416
4417
4418
4419
4420
4421
4302
4424
4425
4423
4427
4428
4426
4341
4431
4430
4432
4433
4434
4435
4422
4437
4438
4245
4441
4442
4443
4444
4436
4415
4446
4445
4448
4447
4451
4449
4452
4453
4383
4439
4450
4390
4457
4458
4456
4459
4461
4440
4460
4464
4465
4462
4467
4463
4469
4470
4471
4472
4473
4474
4475
4468
4477
4478
4476
4479
4482
4483
4455
4485
4454
3446
4314
4488
4489
4490
4491
4486
4493
4494
4495
4496
4497
4484
4498
4500
4480
4501
4502
4503
4504
4505
4506
4466
4507
4510
4511
4512
4513
4514
4429
4515
4517
4518
4519
4481
4521
4522
4520
4524
4525
4110
4526
4527
4528
4530
4531
4532
4534
4529
4535
4536
4538
4539
4523
4509
4540
4541
4408
4542
4544
4545
4546
4543
4537
4516
4391
4551
4552
4553
4550
4554
4556
4558
4559
4557
4560
4563
4564
4565
4547
4555
4548
4567
4566
4569
4571
4568
4572
4573
4570
4575
4576
4578
4549
4577
4581
4579
4582
4583
4584
4586
4585
4561
4589
4590
4591
4592
4593
4492
4595
4596
4580
4597
4598
4499
4601
4602
4603
4604
4605
4600
4599
4606
4610
4611
4612
4613
4588
4614
4533
4615
4608
4616
4617
4620
4622
4618
4619
4625
4626
4624
4594
4627
4628
4629
4630
4631
4609
4632
4635
4633
4637
4634
4639
4636
4638
4642
4623
4621
4645
4644
4646
4647
4649
4648
4650
4651
4654
4643
4653
4656
4657
4655
4658
4660
4607
4661
4652
4487
4663
4664
4665
4666
4667
4669
4668
4587
4671
4670
4675
4562
4641
4679
4680
4682
4681
4683
4676
4684
4685
4686
4687
2290
4689
4688
4690
4691
4692
4693
4694
4695
4696
4697
4699
4700
4701
4702
4698
4704
4703
4706
4707
4705
4708
4709
4710
4711
4163
4712
4713
4716
4715
4718
4717
4714
4674
4721
4720
4723
4722
4725
4726
4727
4728
4729
4730
4731
4732
4733
4734
4724
4736
4737
4738
4739
4740
4741
4742
4316
4673
4745
4746
4744
4748
4749
4750
4751
4752
4753
4747
4755
4754
4758
4759
4756
4757
4735
4761
4762
4764
4760
4763
4766
4765
4769
4767
4770
4772
4773
4771
4659
4774
4776
4779
4775
4781
4780
4782
4783
4784
4785
4786
4787
4788
4789
4790
4791
4792
4793
4640
4794
4768
4508
4795
4796
4799
4662
4801
4797
4777
3543
4672
4804
4806
4805
4808
4809
4811
4719
4810
4812
4814
4815
4803
4816
4818
4817
4800
4820
4819
3638
4822
4823
4778
4824
4574
4827
4828
4825
4826
4832
4830
4833
4835
4834
4798
4821
4837
4839
4840
4802
4841
4844
4845
4846
4838
4848
4850
4851
4836
4678
4852
4853
4855
4856
4854
4858
4859
4847
4849
4861
4862
4863
4842
4857
4864
4865
4868
4869
4843
4870
4867
4872
4873
4871
4874
4875
4876
4866
4879
4880
4882
4883
4884
4860
4886
4887
4888
4885
4881
4889
4891
4894
4893
4677
4892
4896
4898
4897
4878
4900
4899
4895
4902
4905
4904
4907
4906
4908
4903
4910
4911
4913
4914
4912
4909
4915
4916
4919
4920
4918
4923
4924
4922
4925
4921
4927
4928
4901
4926
4917
4931
4932
4933
4930
4935
4937
4934
4936
4939
4940
4941
4942
4943
4944
4947
4949
4945
4938
4948
4951
4952
4953
4929
4954
4957
4956
4946
4958
4960
4962
4963
4959
4964
4961
4829
4965
4966
4969
4968
4971
4973
4743
4972
4975
4974
4967
4978
4979
4970
4976
4980
4981
4983
4982
4977
4985
4984
4987
4989
4877
4988
4992
4993
4994
4986
4996
4997
4998
4995
4991
4999
4990
3767
5000
4955
4950
4890
4831
4807
3167
3639
3766
2361
4813
3991
3944
3945
3655
3750
3284
3997
3973
3974
3952
3878
3954
3978
3979
3980
4006
3837
4009
3735
3559
3865
4014
3990
